Arguments: 
  /usr/bin/node /usr/bin/yarn add uuid

PATH: 
  /home/katrinading/.vscode-server/bin/c3f126316369cd610563c75b1b1725e0679adfb3/bin:/home/katrinading/.local/bin:/usr/local/sbin:/usr/local/bin:/usr/sbin:/usr/bin:/sbin:/bin:/usr/games:/usr/local/games:/mnt/c/WINDOWS/system32:/mnt/c/WINDOWS:/mnt/c/WINDOWS/System32/Wbem:/mnt/c/WINDOWS/System32/WindowsPowerShell/v1.0/:/mnt/c/WINDOWS/System32/OpenSSH/:/mnt/c/Program Files/dotnet/:/mnt/c/Program Files/NVIDIA Corporation/NVIDIA NvDLISR:/mnt/c/Program Files (x86)/NVIDIA Corporation/PhysX/Common:/mnt/c/Program Files/Docker/Docker/resources/bin:/mnt/c/ProgramData/DockerDesktop/version-bin:/mnt/c/Users/丁泥泞/AppData/Local/Programs/Python/Python37-32/Scripts/:/mnt/c/Users/丁泥泞/AppData/Local/Programs/Python/Python37-32/:/mnt/c/Users/丁泥泞/AppData/Local/Microsoft/WindowsApps:/mnt/c/Users/丁泥泞/AppData/Local/Programs/Microsoft VS Code/bin:/snap/bin

Yarn version: 
  1.22.10

Node version: 
  15.13.0

Platform: 
  linux x64

Trace: 
  Error: https://registry.npmjs.org/express: ETIMEDOUT
      at Timeout._onTimeout (/usr/lib/node_modules/yarn/lib/cli.js:141322:19)
      at listOnTimeout (node:internal/timers:557:17)
      at processTimers (node:internal/timers:500:7)

npm manifest: 
  {
    "dependencies": {
      "express": "^4.17.1",
      "pg": "^8.6.0"
    }
  }

yarn manifest: 
  No manifest

Lockfile: 
  No lockfile
